<?xml version="1.0" encoding="UTF-8"?>
<!-- Generated by org.testng.reporters.JUnitReportReporter -->
<testsuite skipped="0" hostname="LTA1RB2HLH-MAC.bbrouter" name="testcases.TestCase3" tests="6" failures="0" timestamp="16 Feb 2021 17:35:23 GMT" time="0.039" errors="0">
  <testcase name="doLogin" time="0.003" classname="testcases.TestCase3"/>
  <testcase name="doLogin" time="0.004" classname="testcases.TestCase3"/>
  <testcase name="doLogin" time="0.004" classname="testcases.TestCase3"/>
  <testcase name="doLogin" time="0.017" classname="testcases.TestCase3"/>
  <testcase name="doLogin" time="0.007" classname="testcases.TestCase3"/>
  <testcase name="doLogin" time="0.004" classname="testcases.TestCase3"/>
</testsuite> <!-- testcases.TestCase3 -->
